<?xml version="1.0" encoding="UTF-8"?>
<!-- Generated by org.testng.reporters.JUnitReportReporter -->
<testsuite hostname="DESKTOP-000NTSF" failures="0" tests="1" name="testclasses.CreateOrg" time="77.611" errors="0" timestamp="2024-10-28T10:52:09 IST" skipped="0">
  <testcase classname="testclasses.CreateOrg" name="Createorganization" time="77.611"/>
  <system-out/>
</testsuite> <!-- testclasses.CreateOrg -->
